This is pdfTeX, Version 3.14159265-2.6-1.40.20 (TeX Live 2019) (preloaded format=pdflatex 2019.9.30)  29 OCT 2019 12:15
entering extended mode
 restricted \write18 enabled.
 %&-line parsing enabled.
**2019_cyclic_COGE.tex
(./2019_cyclic_COGE.tex
LaTeX2e <2018-12-01>
(./elsarticle.cls
Document Class: elsarticle 2019/01/14, 3.1: Elsevier Ltd
\@bls=\dimen102
(/usr/local/texlive/2019/texmf-dist/tex/latex/base/article.cls
Document Class: article 2018/09/03 v1.4i Standard LaTeX document class
(/usr/local/texlive/2019/texmf-dist/tex/latex/base/size12.clo
File: size12.clo 2018/09/03 v1.4i Standard LaTeX file (size option)
)
\c@part=\count80
\c@section=\count81
\c@subsection=\count82
\c@subsubsection=\count83
\c@paragraph=\count84
\c@subparagraph=\count85
\c@figure=\count86
\c@table=\count87
\abovecaptionskip=\skip41
\belowcaptionskip=\skip42
\bibindent=\dimen103
)
(/usr/local/texlive/2019/texmf-dist/tex/latex/graphics/graphicx.sty
Package: graphicx 2017/06/01 v1.1a Enhanced LaTeX Graphics (DPC,SPQR)

(/usr/local/texlive/2019/texmf-dist/tex/latex/graphics/keyval.sty
Package: keyval 2014/10/28 v1.15 key=value parser (DPC)
\KV@toks@=\toks14
)
(/usr/local/texlive/2019/texmf-dist/tex/latex/graphics/graphics.sty
Package: graphics 2017/06/25 v1.2c Standard LaTeX Graphics (DPC,SPQR)

(/usr/local/texlive/2019/texmf-dist/tex/latex/graphics/trig.sty
Package: trig 2016/01/03 v1.10 sin cos tan (DPC)
)
(/usr/local/texlive/2019/texmf-dist/tex/latex/graphics-cfg/graphics.cfg
File: graphics.cfg 2016/06/04 v1.11 sample graphics configuration
)
Package graphics Info: Driver file: pdftex.def on input line 99.

(/usr/local/texlive/2019/texmf-dist/tex/latex/graphics-def/pdftex.def
File: pdftex.def 2018/01/08 v1.0l Graphics/color driver for pdftex
))
\Gin@req@height=\dimen104
\Gin@req@width=\dimen105
)
\c@tnote=\count88
\c@fnote=\count89
\c@cnote=\count90
\c@ead=\count91
\c@author=\count92
\@eadauthor=\toks15
\c@affn=\count93
\absbox=\box27
\keybox=\box28
\Columnwidth=\dimen106
\space@left=\dimen107
\els@boxa=\box29
\els@boxb=\box30
\leftMargin=\dimen108
\@enLab=\toks16
\@sep=\skip43
\@@sep=\skip44

(./2019_cyclic_COGE.spl)
(/usr/local/texlive/2019/texmf-dist/tex/latex/natbib/natbib.sty
Package: natbib 2010/09/13 8.31b (PWD, AO)
\bibhang=\skip45
\bibsep=\skip46
LaTeX Info: Redefining \cite on input line 694.
\c@NAT@ctr=\count94
)
\splwrite=\write3
\openout3 = `2019_cyclic_COGE.spl'.

\appnamewidth=\dimen109
)
(/usr/local/texlive/2019/texmf-dist/tex/latex/lineno/lineno.sty
Package: lineno 2005/11/02 line numbers on paragraphs v4.41
\linenopenalty=\count95
\output=\toks17
\linenoprevgraf=\count96
\linenumbersep=\dimen110
\linenumberwidth=\dimen111
\c@linenumber=\count97
\c@pagewiselinenumber=\count98
\c@LN@truepage=\count99
\c@internallinenumber=\count100
\c@internallinenumbers=\count101
\quotelinenumbersep=\dimen112
\bframerule=\dimen113
\bframesep=\dimen114
\bframebox=\box31
LaTeX Info: Redefining \\ on input line 3056.
)
(/usr/local/texlive/2019/texmf-dist/tex/latex/hyperref/hyperref.sty
Package: hyperref 2018/11/30 v6.88e Hypertext links for LaTeX

(/usr/local/texlive/2019/texmf-dist/tex/generic/oberdiek/hobsub-hyperref.sty
Package: hobsub-hyperref 2016/05/16 v1.14 Bundle oberdiek, subset hyperref (HO)


(/usr/local/texlive/2019/texmf-dist/tex/generic/oberdiek/hobsub-generic.sty
Package: hobsub-generic 2016/05/16 v1.14 Bundle oberdiek, subset generic (HO)
Package: hobsub 2016/05/16 v1.14 Construct package bundles (HO)
Package: infwarerr 2016/05/16 v1.4 Providing info/warning/error messages (HO)
Package: ltxcmds 2016/05/16 v1.23 LaTeX kernel commands for general use (HO)
Package: ifluatex 2016/05/16 v1.4 Provides the ifluatex switch (HO)
Package ifluatex Info: LuaTeX not detected.
Package: ifvtex 2016/05/16 v1.6 Detect VTeX and its facilities (HO)
Package ifvtex Info: VTeX not detected.
Package: intcalc 2016/05/16 v1.2 Expandable calculations with integers (HO)
Package: ifpdf 2018/09/07 v3.3 Provides the ifpdf switch
Package: etexcmds 2016/05/16 v1.6 Avoid name clashes with e-TeX commands (HO)
Package: kvsetkeys 2016/05/16 v1.17 Key value parser (HO)
Package: kvdefinekeys 2016/05/16 v1.4 Define keys (HO)
Package: pdftexcmds 2018/09/10 v0.29 Utility functions of pdfTeX for LuaTeX (HO
)
Package pdftexcmds Info: LuaTeX not detected.
Package pdftexcmds Info: \pdf@primitive is available.
Package pdftexcmds Info: \pdf@ifprimitive is available.
Package pdftexcmds Info: \pdfdraftmode found.
Package: pdfescape 2016/05/16 v1.14 Implements pdfTeX's escape features (HO)
Package: bigintcalc 2016/05/16 v1.4 Expandable calculations on big integers (HO
)
Package: bitset 2016/05/16 v1.2 Handle bit-vector datatype (HO)
Package: uniquecounter 2016/05/16 v1.3 Provide unlimited unique counter (HO)
)
Package hobsub Info: Skipping package `hobsub' (already loaded).
Package: letltxmacro 2016/05/16 v1.5 Let assignment for LaTeX macros (HO)
Package: hopatch 2016/05/16 v1.3 Wrapper for package hooks (HO)
Package: xcolor-patch 2016/05/16 xcolor patch
Package: atveryend 2016/05/16 v1.9 Hooks at the very end of document (HO)
Package atveryend Info: \enddocument detected (standard20110627).
Package: atbegshi 2016/06/09 v1.18 At begin shipout hook (HO)
Package: refcount 2016/05/16 v3.5 Data extraction from label references (HO)
Package: hycolor 2016/05/16 v1.8 Color options for hyperref/bookmark (HO)
)
(/usr/local/texlive/2019/texmf-dist/tex/generic/ifxetex/ifxetex.sty
Package: ifxetex 2010/09/12 v0.6 Provides ifxetex conditional
)
(/usr/local/texlive/2019/texmf-dist/tex/latex/oberdiek/auxhook.sty
Package: auxhook 2016/05/16 v1.4 Hooks for auxiliary files (HO)
)
(/usr/local/texlive/2019/texmf-dist/tex/latex/oberdiek/kvoptions.sty
Package: kvoptions 2016/05/16 v3.12 Key value format for package options (HO)
)
\@linkdim=\dimen115
\Hy@linkcounter=\count102
\Hy@pagecounter=\count103

(/usr/local/texlive/2019/texmf-dist/tex/latex/hyperref/pd1enc.def
File: pd1enc.def 2018/11/30 v6.88e Hyperref: PDFDocEncoding definition (HO)
Now handling font encoding PD1 ...
... no UTF-8 mapping file for font encoding PD1
)
\Hy@SavedSpaceFactor=\count104

(/usr/local/texlive/2019/texmf-dist/tex/latex/latexconfig/hyperref.cfg
File: hyperref.cfg 2002/06/06 v1.2 hyperref configuration of TeXLive
)
Package hyperref Info: Hyper figures OFF on input line 4519.
Package hyperref Info: Link nesting OFF on input line 4524.
Package hyperref Info: Hyper index ON on input line 4527.
Package hyperref Info: Plain pages OFF on input line 4534.
Package hyperref Info: Backreferencing OFF on input line 4539.
Package hyperref Info: Implicit mode ON; LaTeX internals redefined.
Package hyperref Info: Bookmarks ON on input line 4772.
\c@Hy@tempcnt=\count105

(/usr/local/texlive/2019/texmf-dist/tex/latex/url/url.sty
\Urlmuskip=\muskip10
Package: url 2013/09/16  ver 3.4  Verb mode for urls, etc.
)
LaTeX Info: Redefining \url on input line 5125.
\XeTeXLinkMargin=\dimen116
\Fld@menulength=\count106
\Field@Width=\dimen117
\Fld@charsize=\dimen118
Package hyperref Info: Hyper figures OFF on input line 6380.
Package hyperref Info: Link nesting OFF on input line 6385.
Package hyperref Info: Hyper index ON on input line 6388.
Package hyperref Info: backreferencing OFF on input line 6395.
Package hyperref Info: Link coloring OFF on input line 6400.
Package hyperref Info: Link coloring with OCG OFF on input line 6405.
Package hyperref Info: PDF/A mode OFF on input line 6410.
LaTeX Info: Redefining \ref on input line 6450.
LaTeX Info: Redefining \pageref on input line 6454.
\Hy@abspage=\count107
\c@Item=\count108
\c@Hfootnote=\count109
)
Package hyperref Info: Driver (autodetected): hpdftex.

(/usr/local/texlive/2019/texmf-dist/tex/latex/hyperref/hpdftex.def
File: hpdftex.def 2018/11/30 v6.88e Hyperref driver for pdfTeX
\Fld@listcount=\count110
\c@bookmark@seq@number=\count111

(/usr/local/texlive/2019/texmf-dist/tex/latex/oberdiek/rerunfilecheck.sty
Package: rerunfilecheck 2016/05/16 v1.8 Rerun checks for auxiliary files (HO)
Package uniquecounter Info: New unique counter `rerunfilecheck' on input line 2
82.
)
\Hy@SectionHShift=\skip47
)
(/usr/local/texlive/2019/texmf-dist/tex/latex/float/float.sty
Package: float 2001/11/08 v1.3d Float enhancements (AL)
\c@float@type=\count112
\float@exts=\toks18
\float@box=\box32
\@float@everytoks=\toks19
\@floatcapt=\box33
)
(/usr/local/texlive/2019/texmf-dist/tex/latex/subfig/subfig.sty
Package: subfig 2005/06/28 ver: 1.3 subfig package

(/usr/local/texlive/2019/texmf-dist/tex/latex/caption/caption.sty
Package: caption 2018/10/06 v3.3-154 Customizing captions (AR)

(/usr/local/texlive/2019/texmf-dist/tex/latex/caption/caption3.sty
Package: caption3 2018/09/12 v1.8c caption3 kernel (AR)
Package caption3 Info: TeX engine: e-TeX on input line 64.
\captionmargin=\dimen119
\captionmargin@=\dimen120
\captionwidth=\dimen121
\caption@tempdima=\dimen122
\caption@indent=\dimen123
\caption@parindent=\dimen124
\caption@hangindent=\dimen125
)
\c@caption@flags=\count113
\c@ContinuedFloat=\count114
Package caption Info: float package is loaded.
Package caption Info: hyperref package is loaded.
)
\c@KVtest=\count115
\sf@farskip=\skip48
\sf@captopadj=\dimen126
\sf@capskip=\skip49
\sf@nearskip=\skip50
\c@subfigure=\count116
\c@subfigure@save=\count117
\c@lofdepth=\count118
\c@subtable=\count119
\c@subtable@save=\count120
\c@lotdepth=\count121
\sf@top=\skip51
\sf@bottom=\skip52
)
(/usr/local/texlive/2019/texmf-dist/tex/latex/graphics/color.sty
Package: color 2016/07/10 v1.1e Standard LaTeX Color (DPC)

(/usr/local/texlive/2019/texmf-dist/tex/latex/graphics-cfg/color.cfg
File: color.cfg 2016/01/02 v1.6 sample color configuration
)
Package color Info: Driver file: pdftex.def on input line 147.
)
(/usr/local/texlive/2019/texmf-dist/tex/latex/soul/soul.sty
Package: soul 2003/11/17 v2.4 letterspacing/underlining (mf)
\SOUL@word=\toks20
\SOUL@lasttoken=\toks21
\SOUL@cmds=\toks22
\SOUL@buffer=\toks23
\SOUL@token=\toks24
\SOUL@spaceskip=\skip53
\SOUL@ttwidth=\dimen127
\SOUL@uldp=\dimen128
\SOUL@ulht=\dimen129
)
(/usr/local/texlive/2019/texmf-dist/tex/latex/algorithmicx/algcompatible.sty
Package: algcompatible 

(/usr/local/texlive/2019/texmf-dist/tex/latex/base/ifthen.sty
Package: ifthen 2014/09/29 v1.1c Standard LaTeX ifthen package (DPC)
)
(/usr/local/texlive/2019/texmf-dist/tex/latex/algorithmicx/algorithmicx.sty
Package: algorithmicx 2005/04/27 v1.2 Algorithmicx

Document Style algorithmicx 1.2 - a greatly improved `algorithmic' style
\c@ALG@line=\count122
\c@ALG@rem=\count123
\c@ALG@nested=\count124
\ALG@tlm=\skip54
\ALG@thistlm=\skip55
\c@ALG@Lnr=\count125
\c@ALG@blocknr=\count126
\c@ALG@storecount=\count127
\c@ALG@tmpcounter=\count128
\ALG@tmplength=\skip56
)
Document Style - algorithmic compatible environments for the `algorithmicx' sty
le
) (/usr/local/texlive/2019/texmf-dist/tex/latex/algorithms/algorithm.sty
Package: algorithm 2009/08/24 v0.1 Document Style `algorithm' - floating enviro
nment
\@float@every@algorithm=\toks25
\c@algorithm=\count129
)
(/usr/local/texlive/2019/texmf-dist/tex/latex/cancel/cancel.sty
Package: cancel 2013/04/12 v2.2 Cancel math terms
)
(/usr/local/texlive/2019/texmf-dist/tex/latex/amsmath/amsmath.sty
Package: amsmath 2018/12/01 v2.17b AMS math features
\@mathmargin=\skip57

For additional information on amsmath, use the `?' option.
(/usr/local/texlive/2019/texmf-dist/tex/latex/amsmath/amstext.sty
Package: amstext 2000/06/29 v2.01 AMS text

(/usr/local/texlive/2019/texmf-dist/tex/latex/amsmath/amsgen.sty
File: amsgen.sty 1999/11/30 v2.0 generic functions
\@emptytoks=\toks26
\ex@=\dimen130
))
(/usr/local/texlive/2019/texmf-dist/tex/latex/amsmath/amsbsy.sty
Package: amsbsy 1999/11/29 v1.2d Bold Symbols
\pmbraise@=\dimen131
)
(/usr/local/texlive/2019/texmf-dist/tex/latex/amsmath/amsopn.sty
Package: amsopn 2016/03/08 v2.02 operator names
)
\inf@bad=\count130
LaTeX Info: Redefining \frac on input line 223.
\uproot@=\count131
\leftroot@=\count132
LaTeX Info: Redefining \overline on input line 385.
\classnum@=\count133
\DOTSCASE@=\count134
LaTeX Info: Redefining \ldots on input line 482.
LaTeX Info: Redefining \dots on input line 485.
LaTeX Info: Redefining \cdots on input line 606.
\Mathstrutbox@=\box34
\strutbox@=\box35
\big@size=\dimen132
LaTeX Font Info:    Redeclaring font encoding OML on input line 729.
LaTeX Font Info:    Redeclaring font encoding OMS on input line 730.
\macc@depth=\count135
\c@MaxMatrixCols=\count136
\dotsspace@=\muskip11
\c@parentequation=\count137
\dspbrk@lvl=\count138
\tag@help=\toks27
\row@=\count139
\column@=\count140
\maxfields@=\count141
\andhelp@=\toks28
\eqnshift@=\dimen133
\alignsep@=\dimen134
\tagshift@=\dimen135
\tagwidth@=\dimen136
\totwidth@=\dimen137
\lineht@=\dimen138
\@envbody=\toks29
\multlinegap=\skip58
\multlinetaggap=\skip59
\mathdisplay@stack=\toks30
LaTeX Info: Redefining \[ on input line 2844.
LaTeX Info: Redefining \] on input line 2845.
)
(/usr/local/texlive/2019/texmf-dist/tex/latex/amscls/amsthm.sty
Package: amsthm 2017/10/31 v2.20.4
\thm@style=\toks31
\thm@bodyfont=\toks32
\thm@headfont=\toks33
\thm@notefont=\toks34
\thm@headpunct=\toks35
\thm@preskip=\skip60
\thm@postskip=\skip61
\thm@headsep=\skip62
\dth@everypar=\toks36
LaTeX Info: Redefining \qed on input line 274.
)
(/usr/local/texlive/2019/texmf-dist/tex/latex/amsfonts/amssymb.sty
Package: amssymb 2013/01/14 v3.01 AMS font symbols

(/usr/local/texlive/2019/texmf-dist/tex/latex/amsfonts/amsfonts.sty
Package: amsfonts 2013/01/14 v3.01 Basic AMSFonts support
\symAMSa=\mathgroup4
\symAMSb=\mathgroup5
LaTeX Font Info:    Overwriting math alphabet `\mathfrak' in version `bold'
(Font)                  U/euf/m/n --> U/euf/b/n on input line 106.
))
(./2019_cyclic_COGE.aux)
\openout1 = `2019_cyclic_COGE.aux'.

LaTeX Font Info:    Checking defaults for OML/cmm/m/it on input line 52.
LaTeX Font Info:    ... okay on input line 52.
LaTeX Font Info:    Checking defaults for T1/cmr/m/n on input line 52.
LaTeX Font Info:    ... okay on input line 52.
LaTeX Font Info:    Checking defaults for OT1/cmr/m/n on input line 52.
LaTeX Font Info:    ... okay on input line 52.
LaTeX Font Info:    Checking defaults for OMS/cmsy/m/n on input line 52.
LaTeX Font Info:    ... okay on input line 52.
LaTeX Font Info:    Checking defaults for OMX/cmex/m/n on input line 52.
LaTeX Font Info:    ... okay on input line 52.
LaTeX Font Info:    Checking defaults for U/cmr/m/n on input line 52.
LaTeX Font Info:    ... okay on input line 52.
LaTeX Font Info:    Checking defaults for PD1/pdf/m/n on input line 52.
LaTeX Font Info:    ... okay on input line 52.

(/usr/local/texlive/2019/texmf-dist/tex/context/base/mkii/supp-pdf.mkii
[Loading MPS to PDF converter (version 2006.09.02).]
\scratchcounter=\count142
\scratchdimen=\dimen139
\scratchbox=\box36
\nofMPsegments=\count143
\nofMParguments=\count144
\everyMPshowfont=\toks37
\MPscratchCnt=\count145
\MPscratchDim=\dimen140
\MPnumerator=\count146
\makeMPintoPDFobject=\count147
\everyMPtoPDFconversion=\toks38
) (/usr/local/texlive/2019/texmf-dist/tex/latex/oberdiek/epstopdf-base.sty
Package: epstopdf-base 2016/05/15 v2.6 Base part for package epstopdf

(/usr/local/texlive/2019/texmf-dist/tex/latex/oberdiek/grfext.sty
Package: grfext 2016/05/16 v1.2 Manage graphics extensions (HO)
)
Package epstopdf-base Info: Redefining graphics rule for `.eps' on input line 4
38.
Package grfext Info: Graphics extension search list:
(grfext)             [.pdf,.png,.jpg,.mps,.jpeg,.jbig2,.jb2,.PDF,.PNG,.JPG,.JPE
G,.JBIG2,.JB2,.eps]
(grfext)             \AppendGraphicsExtensions on input line 456.

(/usr/local/texlive/2019/texmf-dist/tex/latex/latexconfig/epstopdf-sys.cfg
File: epstopdf-sys.cfg 2010/07/13 v1.3 Configuration of (r)epstopdf for TeX Liv
e
))
\AtBeginShipoutBox=\box37
Package hyperref Info: Link coloring OFF on input line 52.

(/usr/local/texlive/2019/texmf-dist/tex/latex/hyperref/nameref.sty
Package: nameref 2016/05/21 v2.44 Cross-referencing by name of section

(/usr/local/texlive/2019/texmf-dist/tex/generic/oberdiek/gettitlestring.sty
Package: gettitlestring 2016/05/16 v1.5 Cleanup title references (HO)
)
\c@section@level=\count148
)
LaTeX Info: Redefining \ref on input line 52.
LaTeX Info: Redefining \pageref on input line 52.
LaTeX Info: Redefining \nameref on input line 52.

(./2019_cyclic_COGE.out) (./2019_cyclic_COGE.out)
\@outlinefile=\write4
\openout4 = `2019_cyclic_COGE.out'.

Package caption Info: Begin \AtBeginDocument code.
Package caption Info: subfig package v1.3 is loaded.
Package caption Info: End \AtBeginDocument code.
LaTeX Font Info:    Try loading font information for U+msa on input line 72.

(/usr/local/texlive/2019/texmf-dist/tex/latex/amsfonts/umsa.fd
File: umsa.fd 2013/01/14 v3.01 AMS symbols A
)
LaTeX Font Info:    Try loading font information for U+msb on input line 72.

(/usr/local/texlive/2019/texmf-dist/tex/latex/amsfonts/umsb.fd
File: umsb.fd 2013/01/14 v3.01 AMS symbols B
)
Overfull \hbox (2.61108pt too wide) has occurred while \output is active
[] 
 []


Package hyperref Warning: Token not allowed in a PDF string (PDFDocEncoding):
(hyperref)                removing `math shift' on input line 87.


Package hyperref Warning: Token not allowed in a PDF string (PDFDocEncoding):
(hyperref)                removing `superscript' on input line 87.


Package hyperref Warning: Token not allowed in a PDF string (PDFDocEncoding):
(hyperref)                removing `math shift' on input line 87.


Package hyperref Warning: Token not allowed in a PDF string (PDFDocEncoding):
(hyperref)                removing `\@ifnextchar' on input line 87.


Package hyperref Warning: Token not allowed in a PDF string (PDFDocEncoding):
(hyperref)                removing `math shift' on input line 87.


Package hyperref Warning: Token not allowed in a PDF string (PDFDocEncoding):
(hyperref)                removing `superscript' on input line 87.


Package hyperref Warning: Token not allowed in a PDF string (PDFDocEncoding):
(hyperref)                removing `math shift' on input line 87.


Package hyperref Warning: Token not allowed in a PDF string (PDFDocEncoding):
(hyperref)                removing `math shift' on input line 87.


Package hyperref Warning: Token not allowed in a PDF string (PDFDocEncoding):
(hyperref)                removing `superscript' on input line 87.


Package hyperref Warning: Token not allowed in a PDF string (PDFDocEncoding):
(hyperref)                removing `math shift' on input line 87.


Package hyperref Warning: Token not allowed in a PDF string (PDFDocEncoding):
(hyperref)                removing `math shift' on input line 87.


Package hyperref Warning: Token not allowed in a PDF string (PDFDocEncoding):
(hyperref)                removing `superscript' on input line 87.


Package hyperref Warning: Token not allowed in a PDF string (PDFDocEncoding):
(hyperref)                removing `math shift' on input line 87.


Package hyperref Warning: Token not allowed in a PDF string (PDFDocEncoding):
(hyperref)                removing `math shift' on input line 87.


Package hyperref Warning: Token not allowed in a PDF string (PDFDocEncoding):
(hyperref)                removing `superscript' on input line 87.


Package hyperref Warning: Token not allowed in a PDF string (PDFDocEncoding):
(hyperref)                removing `math shift' on input line 87.

[1


{/usr/local/texlive/2019/texmf-var/fonts/map/pdftex/updmap/pdftex.map}]
[2]

Package hyperref Warning: Token not allowed in a PDF string (PDFDocEncoding):
(hyperref)                removing `math shift' on input line 99.


Package hyperref Warning: Token not allowed in a PDF string (PDFDocEncoding):
(hyperref)                removing `math shift' on input line 99.

[3]
Overfull \hbox (3.88658pt too wide) in paragraph at lines 126--127
[]\OT1/cmr/m/n/12 In all the cases con-sid-ered in this pa-per, the em-ploy-men
t of $\OML/cmm/m/it/12 K[] \OT1/cmr/m/n/12 = 1\OML/cmm/m/it/12 e\OT1/cmr/m/n/12
 4 $MPa,
 []

[4]

Package hyperref Warning: Token not allowed in a PDF string (PDFDocEncoding):
(hyperref)                removing `math shift' on input line 155.


Package hyperref Warning: Token not allowed in a PDF string (PDFDocEncoding):
(hyperref)                removing `math shift' on input line 155.


Overfull \hbox (49.37155pt too wide) in alignment at lines 161--165
 [][][] []
 []


Underfull \hbox (badness 10000) in paragraph at lines 171--172

 []

[5]
Overfull \hbox (6.88477pt too wide) in paragraph at lines 208--210
\OT1/cmr/m/n/12 These co-ef-fi-cients can be eas-ily ex-tended to any other tim
e in-te-gra-tion schemes. 
 []

[6] [7] [8] [9] [10] [11]
Overfull \hbox (16.13992pt too wide) in paragraph at lines 399--400
\OT1/cmr/m/n/12 lab-o-ra-tory tests as a func-tion of di-la-tancy, rep-re-sente
d by $\OML/cmm/m/it/12 d[] \OT1/cmr/m/n/12 = [] []$
 []

[12]
<Figs/Geo.pdf, id=312, 499.3054pt x 431.66368pt>
File: Figs/Geo.pdf Graphic file (type pdf)
<use Figs/Geo.pdf>
Package pdftex.def Info: Figs/Geo.pdf  used on input line 442.
(pdftex.def)             Requested size: 331.50238pt x 286.60484pt.
 [13] [14 <./Figs/Geo.pdf>]
<Figs/undrained.pdf, id=357, 595.23778pt x 248.48634pt>
File: Figs/undrained.pdf Graphic file (type pdf)
<use Figs/undrained.pdf>
Package pdftex.def Info: Figs/undrained.pdf  used on input line 486.
(pdftex.def)             Requested size: 386.10214pt x 161.18433pt.
<Figs/conso.pdf, id=362, 962.43164pt x 398.42151pt>
File: Figs/conso.pdf Graphic file (type pdf)
<use Figs/conso.pdf>
Package pdftex.def Info: Figs/conso.pdf  used on input line 501.
(pdftex.def)             Requested size: 370.49881pt x 153.37755pt.
 [15 <./Figs/undrained.pdf>]
<Figs/pq_drained.pdf, id=396, 715.00824pt x 447.74176pt>
File: Figs/pq_drained.pdf Graphic file (type pdf)
<use Figs/pq_drained.pdf>
Package pdftex.def Info: Figs/pq_drained.pdf  used on input line 522.
(pdftex.def)             Requested size: 292.5pt x 183.16539pt.
 [16 <./Figs/conso.pdf>]
<Figs/drained_abc.pdf, id=422, 1143.2411pt x 474.48666pt>
File: Figs/drained_abc.pdf Graphic file (type pdf)
<use Figs/drained_abc.pdf>
Package pdftex.def Info: Figs/drained_abc.pdf  used on input line 533.
(pdftex.def)             Requested size: 393.89786pt x 163.48087pt.

Overfull \hbox (3.89786pt too wide) in paragraph at lines 533--534
 [][] 
 []

<Figs/excess_porepressure.pdf, id=424, 722.93887pt x 571.39473pt>
File: Figs/excess_porepressure.pdf Graphic file (type pdf)
<use Figs/excess_porepressure.pdf>
Package pdftex.def Info: Figs/excess_porepressure.pdf  used on input line 544.
(pdftex.def)             Requested size: 292.5pt x 231.1869pt.

Overfull \hbox (6.81949pt too wide) in paragraph at lines 559--560
[]\OT1/cmr/m/n/12 The first only lies on the com-pres-sion range, study-ing the
 loading-unloading
 []

[17 <./Figs/pq_drained.pdf>] [18 <./Figs/drained_abc.pdf> <./Figs/excess_porepr
essure.pdf>]
<Figs/ciclo_undrained_1.pdf, id=495, 486.92816pt x 205.1635pt>
File: Figs/ciclo_undrained_1.pdf Graphic file (type pdf)
<use Figs/ciclo_undrained_1.pdf>
Package pdftex.def Info: Figs/ciclo_undrained_1.pdf  used on input line 564.
(pdftex.def)             Requested size: 409.50119pt x 172.54588pt.

Overfull \hbox (19.50119pt too wide) in paragraph at lines 564--565
 [][] 
 []

<Figs/ciclo_undrained_pw.pdf, id=497, 241.08269pt x 154.71703pt>
File: Figs/ciclo_undrained_pw.pdf Graphic file (type pdf)
<use Figs/ciclo_undrained_pw.pdf>
Package pdftex.def Info: Figs/ciclo_undrained_pw.pdf  used on input line 575.
(pdftex.def)             Requested size: 253.49762pt x 162.68666pt.
[19 <./Figs/ciclo_undrained_1.pdf> <./Figs/ciclo_undrained_pw.pdf>]
<Figs/ciclo_undrained_2.pdf, id=547, 487.0707pt x 204.49197pt>
File: Figs/ciclo_undrained_2.pdf Graphic file (type pdf)
<use Figs/ciclo_undrained_2.pdf>
Package pdftex.def Info: Figs/ciclo_undrained_2.pdf  used on input line 587.
(pdftex.def)             Requested size: 382.19833pt x 160.46414pt.
 [20 <./Figs/ciclo_undrained_2.pdf>]
<Figs/ciclo_drained.pdf, id=598, 847.84859pt x 508.47966pt>
File: Figs/ciclo_drained.pdf Graphic file (type pdf)
<use Figs/ciclo_drained.pdf>
Package pdftex.def Info: Figs/ciclo_drained.pdf  used on input line 607.
(pdftex.def)             Requested size: 370.49881pt x 222.1955pt.
 [21 <./Figs/ciclo_drained.pdf>] [22] [23]

Package hyperref Warning: Token not allowed in a PDF string (PDFDocEncoding):
(hyperref)                removing `math shift' on input line 641.


Package hyperref Warning: Token not allowed in a PDF string (PDFDocEncoding):
(hyperref)                removing `math shift' on input line 641.

LaTeX Font Info:    Try loading font information for OMS+cmr on input line 663.

(/usr/local/texlive/2019/texmf-dist/tex/latex/base/omscmr.fd
File: omscmr.fd 2014/09/29 v2.5h Standard LaTeX font definitions
)
LaTeX Font Info:    Font shape `OMS/cmr/m/n' in size <12> not available
(Font)              Font shape `OMS/cmsy/m/n' tried instead on input line 663.
 [24

]
Underfull \hbox (badness 10000) in paragraph at lines 707--708

 []

(./2019_cyclic_COGE.bbl [25] [26] [27] [28])
Package atveryend Info: Empty hook `BeforeClearDocument' on input line 714.
 [29]
Package atveryend Info: Empty hook `AfterLastShipout' on input line 714.
 (./2019_cyclic_COGE.aux)
Package atveryend Info: Executing hook `AtVeryEndDocument' on input line 714.
Package atveryend Info: Executing hook `AtEndAfterFileList' on input line 714.
Package rerunfilecheck Info: File `2019_cyclic_COGE.out' has not changed.
(rerunfilecheck)             Checksum: C604206C9CE58B80ED0D4EBEFE9548F1;1383.
Package atveryend Info: Empty hook `AtVeryVeryEnd' on input line 714.
 ) 
Here is how much of TeX's memory you used:
 9181 strings out of 492616
 134747 string characters out of 6129481
 246387 words of memory out of 5000000
 12820 multiletter control sequences out of 15000+600000
 15285 words of font info for 57 fonts, out of 8000000 for 9000
 1141 hyphenation exceptions out of 8191
 44i,13n,46p,1427b,572s stack positions out of 5000i,500n,10000p,200000b,80000s
</usr/local/texlive/2019/texmf-dist/fonts/type1/public/amsfonts/cm/cmbsy10.pf
b></usr/local/texlive/2019/texmf-dist/fonts/type1/public/amsfonts/cmextra/cmbsy
8.pfb></usr/local/texlive/2019/texmf-dist/fonts/type1/public/amsfonts/cm/cmbx12
.pfb></usr/local/texlive/2019/texmf-dist/fonts/type1/public/amsfonts/cm/cmbx8.p
fb></usr/local/texlive/2019/texmf-dist/fonts/type1/public/amsfonts/cm/cmex10.pf
b></usr/local/texlive/2019/texmf-dist/fonts/type1/public/amsfonts/cm/cmmi10.pfb
></usr/local/texlive/2019/texmf-dist/fonts/type1/public/amsfonts/cm/cmmi12.pfb>
</usr/local/texlive/2019/texmf-dist/fonts/type1/public/amsfonts/cm/cmmi6.pfb></
usr/local/texlive/2019/texmf-dist/fonts/type1/public/amsfonts/cm/cmmi7.pfb></us
r/local/texlive/2019/texmf-dist/fonts/type1/public/amsfonts/cm/cmmi8.pfb></usr/
local/texlive/2019/texmf-dist/fonts/type1/public/amsfonts/cm/cmmib10.pfb></usr/
local/texlive/2019/texmf-dist/fonts/type1/public/amsfonts/cmextra/cmmib8.pfb></
usr/local/texlive/2019/texmf-dist/fonts/type1/public/amsfonts/cm/cmr10.pfb></us
r/local/texlive/2019/texmf-dist/fonts/type1/public/amsfonts/cm/cmr12.pfb></usr/
local/texlive/2019/texmf-dist/fonts/type1/public/amsfonts/cm/cmr17.pfb></usr/lo
cal/texlive/2019/texmf-dist/fonts/type1/public/amsfonts/cm/cmr6.pfb></usr/local
/texlive/2019/texmf-dist/fonts/type1/public/amsfonts/cm/cmr7.pfb></usr/local/te
xlive/2019/texmf-dist/fonts/type1/public/amsfonts/cm/cmr8.pfb></usr/local/texli
ve/2019/texmf-dist/fonts/type1/public/amsfonts/cm/cmss8.pfb></usr/local/texlive
/2019/texmf-dist/fonts/type1/public/amsfonts/cm/cmsy10.pfb></usr/local/texlive/
2019/texmf-dist/fonts/type1/public/amsfonts/cm/cmsy8.pfb></usr/local/texlive/20
19/texmf-dist/fonts/type1/public/amsfonts/cm/cmti10.pfb></usr/local/texlive/201
9/texmf-dist/fonts/type1/public/amsfonts/cm/cmti12.pfb></usr/local/texlive/2019
/texmf-dist/fonts/type1/public/amsfonts/symbols/msam10.pfb>
Output written on 2019_cyclic_COGE.pdf (29 pages, 2186035 bytes).
PDF statistics:
 797 PDF objects out of 1000 (max. 8388607)
 645 compressed objects within 7 object streams
 147 named destinations out of 1000 (max. 500000)
 187 words of extra memory for PDF output out of 10000 (max. 10000000)

